<?xml version="1.0" encoding="UTF-8" ?>
<testsuite failures="0" time="0.056" errors="0" skipped="0" tests="20" name="com.amazon.code.question.code_question.TestCharPlusValueMethod">
  <properties>
[...]
</properties>
  <testcase time="0.009" classname="com.amazon.code.question.code_question.TestCharPlusValueMethod" name="testEndOfList1"/>
  <testcase time="0.011" classname="com.amazon.code.question.code_question.TestCharPlusValueMethod" name="testEndOfList2"/>
  <testcase time="0.004" classname="com.amazon.code.question.code_question.TestCharPlusValueMethod" name="testEndOfList3"/>
  <testcase time="0.002" classname="com.amazon.code.question.code_question.TestCharPlusValueMethod" name="testBasicExample1"/>
  <testcase time="0.001" classname="com.amazon.code.question.code_question.TestCharPlusValueMethod" name="testBasicExample2"/>
  <testcase time="0.002" classname="com.amazon.code.question.code_question.TestCharPlusValueMethod" name="testBasicExample3"/>
  <testcase time="0.001" classname="com.amazon.code.question.code_question.TestCharPlusValueMethod" name="testBasicExample4"/>
  <testcase time="0.003" classname="com.amazon.code.question.code_question.TestCharPlusValueMethod" name="testBasicExample5"/>
  <testcase time="0.001" classname="com.amazon.code.question.code_question.TestCharPlusValueMethod" name="testNullList"/>
  <testcase time="0.001" classname="com.amazon.code.question.code_question.TestCharPlusValueMethod" name="testNumIndicesTooLarge1"/>
  <testcase time="0.001" classname="com.amazon.code.question.code_question.TestCharPlusValueMethod" name="testNumIndicesTooLarge2"/>
  <testcase time="0.001" classname="com.amazon.code.question.code_question.TestCharPlusValueMethod" name="testEmptyChar"/>
  <testcase time="0.001" classname="com.amazon.code.question.code_question.TestCharPlusValueMethod" name="testEmptyList"/>
  <testcase time="0" classname="com.amazon.code.question.code_question.TestCharPlusValueMethod" name="testMultipleSameChars"/>
  <testcase time="0.001" classname="com.amazon.code.question.code_question.TestCharPlusValueMethod" name="testValueNotInList1"/>
  <testcase time="0.001" classname="com.amazon.code.question.code_question.TestCharPlusValueMethod" name="testValueNotInList2"/>
  <testcase time="0.01" classname="com.amazon.code.question.code_question.TestCharPlusValueMethod" name="testValueNotInList3"/>
  <testcase time="0.002" classname="com.amazon.code.question.code_question.TestCharPlusValueMethod" name="testValueNotInList4"/>
  <testcase time="0.001" classname="com.amazon.code.question.code_question.TestCharPlusValueMethod" name="testValueNotInList5"/>
  <testcase time="0.003" classname="com.amazon.code.question.code_question.TestCharPlusValueMethod" name="testValueNotInList6"/>
</testsuite>